<html>
<head>
<title>TestNG:  Test</title>
<link href="../testng.css" rel="stylesheet" type="text/css" />
<link href="../my-testng.css" rel="stylesheet" type="text/css" />

<style type="text/css">
.log { display: none;} 
.stack-trace { display: none;} 
</style>
<script type="text/javascript">
<!--
function flip(e) {
  current = e.style.display;
  if (current == 'block') {
    e.style.display = 'none';
    return 0;
  }
  else {
    e.style.display = 'block';
    return 1;
  }
}

function toggleBox(szDivId, elem, msg1, msg2)
{
  var res = -1;  if (document.getElementById) {
    res = flip(document.getElementById(szDivId));
  }
  else if (document.all) {
    // this is the way old msie versions work
    res = flip(document.all[szDivId]);
  }
  if(elem) {
    if(res == 0) elem.innerHTML = msg1; else elem.innerHTML = msg2;
  }

}

function toggleAllBoxes() {
  if (document.getElementsByTagName) {
    d = document.getElementsByTagName('div');
    for (i = 0; i < d.length; i++) {
      if (d[i].className == 'log') {
        flip(d[i]);
      }
    }
  }
}

// -->
</script>

</head>
<body>
<h2 align='center'>Test</h2><table border='1' align="center">
<tr>
<td>Tests passed/Failed/Skipped:</td><td>11/2/0</td>
</tr><tr>
<td>Started on:</td><td>Sun Dec 05 23:51:44 IST 2021</td>
</tr>
<tr><td>Total time:</td><td>77 seconds (77673 ms)</td>
</tr><tr>
<td>Included groups:</td><td></td>
</tr><tr>
<td>Excluded groups:</td><td></td>
</tr>
</table><p/>
<small><i>(Hover the method name to see the test class name)</i></small><p/>
<table width='100%' border='1' class='invocation-failed'>
<tr><td colspan='4' align='center'><b>FAILED TESTS</b></td></tr>
<tr><td><b>Test method</b></td>
<td width="30%"><b>Exception</b></td>
<td width="10%"><b>Time (seconds)</b></td>
<td><b>Instance</b></td>
</tr>
<tr>
<td title='com.actitime.testscripts.UseAssert.testVerifyTitle()'><b>testVerifyTitle</b><br>Test class: com.actitime.testscripts.UseAssert</td>
<td><div><pre>java.lang.AssertionError: expected [soogle] but found [Google]
	at com.actitime.testscripts.UseAssert.testVerifyTitle(UseAssert.java:18)
	at java.base/java.util.ArrayList.forEach(ArrayList.java:1541)
... Removed 33 stack frames</pre></div><a href='#' onClick='toggleBox("stack-trace2035801202", this, "Click to show all stack frames", "Click to hide stack frames")'>Click to show all stack frames</a>
<div class='stack-trace' id='stack-trace2035801202'><pre>java.lang.AssertionError: expected [soogle] but found [Google]
	at org.testng.Assert.fail(Assert.java:99)
	at org.testng.Assert.failNotEquals(Assert.java:1037)
	at org.testng.Assert.assertEqualsImpl(Assert.java:140)
	at org.testng.Assert.assertEquals(Assert.java:122)
	at org.testng.Assert.assertEquals(Assert.java:629)
	at org.testng.Assert.assertEquals(Assert.java:639)
	at com.actitime.testscripts.UseAssert.testVerifyTitle(UseAssert.java:18)
	at java.base/jdk.internal.reflect.NativeMethodAccessorImpl.invoke0(Native Method)
	at java.base/jdk.internal.reflect.NativeMethodAccessorImpl.invoke(NativeMethodAccessorImpl.java:62)
	at java.base/jdk.internal.reflect.DelegatingMethodAccessorImpl.invoke(DelegatingMethodAccessorImpl.java:43)
	at java.base/java.lang.reflect.Method.invoke(Method.java:566)
	at org.testng.internal.MethodInvocationHelper.invokeMethod(MethodInvocationHelper.java:133)
	at org.testng.internal.TestInvoker.invokeMethod(TestInvoker.java:598)
	at org.testng.internal.TestInvoker.invokeTestMethod(TestInvoker.java:173)
	at org.testng.internal.MethodRunner.runInSequence(MethodRunner.java:46)
	at org.testng.internal.TestInvoker$MethodInvocationAgent.invoke(TestInvoker.java:824)
	at org.testng.internal.TestInvoker.invokeTestMethods(TestInvoker.java:146)
	at org.testng.internal.TestMethodWorker.invokeTestMethods(TestMethodWorker.java:146)
	at org.testng.internal.TestMethodWorker.run(TestMethodWorker.java:128)
	at java.base/java.util.ArrayList.forEach(ArrayList.java:1541)
	at org.testng.TestRunner.privateRun(TestRunner.java:794)
	at org.testng.TestRunner.run(TestRunner.java:596)
	at org.testng.SuiteRunner.runTest(SuiteRunner.java:377)
	at org.testng.SuiteRunner.runSequentially(SuiteRunner.java:371)
	at org.testng.SuiteRunner.privateRun(SuiteRunner.java:332)
	at org.testng.SuiteRunner.run(SuiteRunner.java:276)
	at org.testng.SuiteRunnerWorker.runSuite(SuiteRunnerWorker.java:53)
	at org.testng.SuiteRunnerWorker.run(SuiteRunnerWorker.java:96)
	at org.testng.TestNG.runSuitesSequentially(TestNG.java:1212)
	at org.testng.TestNG.runSuitesLocally(TestNG.java:1134)
	at org.testng.TestNG.runSuites(TestNG.java:1063)
	at org.testng.TestNG.run(TestNG.java:1031)
	at org.testng.remote.AbstractRemoteTestNG.run(AbstractRemoteTestNG.java:115)
	at org.testng.remote.RemoteTestNG.initAndRun(RemoteTestNG.java:251)
	at org.testng.remote.RemoteTestNG.main(RemoteTestNG.java:77)
</pre></div></td>
<td>22</td>
<td>com.actitime.testscripts.UseAssert@4bb33f74</td></tr>
<tr>
<td title='com.actitime.testscripts.UseSoftAssert.testVerifyTitle()'><b>testVerifyTitle</b><br>Test class: com.actitime.testscripts.UseSoftAssert</td>
<td><div><pre>java.lang.AssertionError: The following asserts failed:
	expected [soogle] but found [Google]
	at com.actitime.testscripts.UseSoftAssert.testVerifyTitle(UseSoftAssert.java:21)
	at java.base/java.util.ArrayList.forEach(ArrayList.java:1541)
... Removed 29 stack frames</pre></div><a href='#' onClick='toggleBox("stack-trace1535116392", this, "Click to show all stack frames", "Click to hide stack frames")'>Click to show all stack frames</a>
<div class='stack-trace' id='stack-trace1535116392'><pre>java.lang.AssertionError: The following asserts failed:
	expected [soogle] but found [Google]
	at org.testng.asserts.SoftAssert.assertAll(SoftAssert.java:47)
	at org.testng.asserts.SoftAssert.assertAll(SoftAssert.java:31)
	at com.actitime.testscripts.UseSoftAssert.testVerifyTitle(UseSoftAssert.java:21)
	at java.base/jdk.internal.reflect.NativeMethodAccessorImpl.invoke0(Native Method)
	at java.base/jdk.internal.reflect.NativeMethodAccessorImpl.invoke(NativeMethodAccessorImpl.java:62)
	at java.base/jdk.internal.reflect.DelegatingMethodAccessorImpl.invoke(DelegatingMethodAccessorImpl.java:43)
	at java.base/java.lang.reflect.Method.invoke(Method.java:566)
	at org.testng.internal.MethodInvocationHelper.invokeMethod(MethodInvocationHelper.java:133)
	at org.testng.internal.TestInvoker.invokeMethod(TestInvoker.java:598)
	at org.testng.internal.TestInvoker.invokeTestMethod(TestInvoker.java:173)
	at org.testng.internal.MethodRunner.runInSequence(MethodRunner.java:46)
	at org.testng.internal.TestInvoker$MethodInvocationAgent.invoke(TestInvoker.java:824)
	at org.testng.internal.TestInvoker.invokeTestMethods(TestInvoker.java:146)
	at org.testng.internal.TestMethodWorker.invokeTestMethods(TestMethodWorker.java:146)
	at org.testng.internal.TestMethodWorker.run(TestMethodWorker.java:128)
	at java.base/java.util.ArrayList.forEach(ArrayList.java:1541)
	at org.testng.TestRunner.privateRun(TestRunner.java:794)
	at org.testng.TestRunner.run(TestRunner.java:596)
	at org.testng.SuiteRunner.runTest(SuiteRunner.java:377)
	at org.testng.SuiteRunner.runSequentially(SuiteRunner.java:371)
	at org.testng.SuiteRunner.privateRun(SuiteRunner.java:332)
	at org.testng.SuiteRunner.run(SuiteRunner.java:276)
	at org.testng.SuiteRunnerWorker.runSuite(SuiteRunnerWorker.java:53)
	at org.testng.SuiteRunnerWorker.run(SuiteRunnerWorker.java:96)
	at org.testng.TestNG.runSuitesSequentially(TestNG.java:1212)
	at org.testng.TestNG.runSuitesLocally(TestNG.java:1134)
	at org.testng.TestNG.runSuites(TestNG.java:1063)
	at org.testng.TestNG.run(TestNG.java:1031)
	at org.testng.remote.AbstractRemoteTestNG.run(AbstractRemoteTestNG.java:115)
	at org.testng.remote.RemoteTestNG.initAndRun(RemoteTestNG.java:251)
	at org.testng.remote.RemoteTestNG.main(RemoteTestNG.java:77)
</pre></div></td>
<td>27</td>
<td>com.actitime.testscripts.UseSoftAssert@1e683a3e</td></tr>
</table><p>
<table width='100%' border='1' class='invocation-passed'>
<tr><td colspan='4' align='center'><b>PASSED TESTS</b></td></tr>
<tr><td><b>Test method</b></td>
<td width="30%"><b>Exception</b></td>
<td width="10%"><b>Time (seconds)</b></td>
<td><b>Instance</b></td>
</tr>
<tr>
<td title='com.actitime.testscripts.Demo.createCustomer()'><b>createCustomer</b><br>Test class: com.actitime.testscripts.Demo<br/>
<a href="#Output-1094523823" onClick='toggleBox("Output-1094523823", this, "Show output", "Hide output");'>Show output</a>

<a href="#Output-1094523823" onClick="toggleAllBoxes();">Show all outputs</a>
<div class='log' id="Output-1094523823">
hi<br/>
</div>
</td>
<td></td>
<td>0</td>
<td>com.actitime.testscripts.Demo@15bbf42f</td></tr>
<tr>
<td title='com.actitime.testscripts.Demo.modifyCustomer()'><b>modifyCustomer</b><br>Test class: com.actitime.testscripts.Demo<br/>
<a href="#Output-1182908789" onClick='toggleBox("Output-1182908789", this, "Show output", "Hide output");'>Show output</a>

<a href="#Output-1182908789" onClick="toggleAllBoxes();">Show all outputs</a>
<div class='log' id="Output-1182908789">
hello<br/>
</div>
</td>
<td></td>
<td>0</td>
<td>com.actitime.testscripts.Demo@15bbf42f</td></tr>
<tr>
<td title='com.actitime.testscripts.ProjectModule.createProject()'><b>createProject</b><br>Test class: com.actitime.testscripts.ProjectModule<br/>
<a href="#Output-67620673" onClick='toggleBox("Output-67620673", this, "Show output", "Hide output");'>Show output</a>

<a href="#Output-67620673" onClick="toggleAllBoxes();">Show all outputs</a>
<div class='log' id="Output-67620673">
Project created<br/>
</div>
</td>
<td></td>
<td>0</td>
<td>com.actitime.testscripts.ProjectModule@2053d869</td></tr>
<tr>
<td title='com.actitime.testscripts.VerifyTitle.testVerifyTitle()'><b>testVerifyTitle</b><br>Test class: com.actitime.testscripts.VerifyTitle</td>
<td></td>
<td>27</td>
<td>com.actitime.testscripts.VerifyTitle@759d26fb</td></tr>
<tr>
<td title='com.actitime.testscripts.Demo.createCustomer()'><b>createCustomer</b><br>Test class: com.actitime.testscripts.Demo<br/>
<a href="#Output-151593342" onClick='toggleBox("Output-151593342", this, "Show output", "Hide output");'>Show output</a>

<a href="#Output-151593342" onClick="toggleAllBoxes();">Show all outputs</a>
<div class='log' id="Output-151593342">
hi<br/>
</div>
</td>
<td></td>
<td>0</td>
<td>com.actitime.testscripts.Demo@15bbf42f</td></tr>
<tr>
<td title='com.actitime.testscripts.ProjectModule.modifyProject()'><b>modifyProject</b><br>Test class: com.actitime.testscripts.ProjectModule<br/>
<a href="#Output-1746257394" onClick='toggleBox("Output-1746257394", this, "Show output", "Hide output");'>Show output</a>

<a href="#Output-1746257394" onClick="toggleAllBoxes();">Show all outputs</a>
<div class='log' id="Output-1746257394">
Project modified<br/>
</div>
</td>
<td></td>
<td>0</td>
<td>com.actitime.testscripts.ProjectModule@2053d869</td></tr>
<tr>
<td title='com.actitime.testscripts.ProjectModule.deleteProject()'><b>deleteProject</b><br>Test class: com.actitime.testscripts.ProjectModule<br/>
<a href="#Output-1187779195" onClick='toggleBox("Output-1187779195", this, "Show output", "Hide output");'>Show output</a>

<a href="#Output-1187779195" onClick="toggleAllBoxes();">Show all outputs</a>
<div class='log' id="Output-1187779195">
Project deleted<br/>
</div>
</td>
<td></td>
<td>0</td>
<td>com.actitime.testscripts.ProjectModule@2053d869</td></tr>
<tr>
<td title='com.actitime.testscripts.Demo.createCustomer()'><b>createCustomer</b><br>Test class: com.actitime.testscripts.Demo<br/>
<a href="#Output-1823409783" onClick='toggleBox("Output-1823409783", this, "Show output", "Hide output");'>Show output</a>

<a href="#Output-1823409783" onClick="toggleAllBoxes();">Show all outputs</a>
<div class='log' id="Output-1823409783">
hi<br/>
</div>
</td>
<td></td>
<td>0</td>
<td>com.actitime.testscripts.Demo@15bbf42f</td></tr>
<tr>
<td title='com.actitime.testscripts.Demo.deleteCustomer()'><b>deleteCustomer</b><br>Test class: com.actitime.testscripts.Demo<br/>
<a href="#Output-91912419" onClick='toggleBox("Output-91912419", this, "Show output", "Hide output");'>Show output</a>

<a href="#Output-91912419" onClick="toggleAllBoxes();">Show all outputs</a>
<div class='log' id="Output-91912419">
bye<br/>
</div>
</td>
<td></td>
<td>0</td>
<td>com.actitime.testscripts.Demo@15bbf42f</td></tr>
<tr>
<td title='com.actitime.testscripts.ProjectModule.createProject()'><b>createProject</b><br>Test class: com.actitime.testscripts.ProjectModule<br/>
<a href="#Output-2115640742" onClick='toggleBox("Output-2115640742", this, "Show output", "Hide output");'>Show output</a>

<a href="#Output-2115640742" onClick="toggleAllBoxes();">Show all outputs</a>
<div class='log' id="Output-2115640742">
Project created<br/>
</div>
</td>
<td></td>
<td>0</td>
<td>com.actitime.testscripts.ProjectModule@2053d869</td></tr>
<tr>
<td title='com.actitime.testscripts.ProjectModule.createProject()'><b>createProject</b><br>Test class: com.actitime.testscripts.ProjectModule<br/>
<a href="#Output-1602167682" onClick='toggleBox("Output-1602167682", this, "Show output", "Hide output");'>Show output</a>

<a href="#Output-1602167682" onClick="toggleAllBoxes();">Show all outputs</a>
<div class='log' id="Output-1602167682">
Project created<br/>
</div>
</td>
<td></td>
<td>0</td>
<td>com.actitime.testscripts.ProjectModule@2053d869</td></tr>
</table><p>
</body>
</html>