<?xml version="1.0" encoding="UTF-8"?>
<!-- Generated by org.testng.reporters.JUnitXMLReporter -->
<testsuite ignored="0" hostname="DESKTOP-EKB6DBD" failures="2" tests="13" name="Test" time="77.673" errors="0" timestamp="2021-12-05T23:53:01 IST">
  <testcase classname="com.actitime.testscripts.Demo" name="createCustomer" time="0.009"/>
  <testcase classname="com.actitime.testscripts.Demo" name="createCustomer" time="0.001"/>
  <testcase classname="com.actitime.testscripts.Demo" name="createCustomer" time="0.001"/>
  <testcase classname="com.actitime.testscripts.Demo" name="modifyCustomer" time="0.001"/>
  <testcase classname="com.actitime.testscripts.Demo" name="deleteCustomer" time="0.002"/>
  <testcase classname="com.actitime.testscripts.UseSoftAssert" name="testVerifyTitle" time="27.569">
    <failure type="java.lang.AssertionError" message="The following asserts failed:
	expected [soogle] but found [Google]">
      <![CDATA[java.lang.AssertionError: The following asserts failed:
expected [soogle] but found [Google]
at com.actitime.testscripts.UseSoftAssert.testVerifyTitle(UseSoftAssert.java:21)
at java.base/java.util.ArrayList.forEach(ArrayList.java:1541)
... Removed 29 stack frames]]>
    </failure>
  </testcase> <!-- testVerifyTitle -->
  <testcase classname="com.actitime.testscripts.ProjectModule" name="createProject" time="0.002"/>
  <testcase classname="com.actitime.testscripts.ProjectModule" name="createProject" time="0.002"/>
  <testcase classname="com.actitime.testscripts.ProjectModule" name="createProject" time="0.001"/>
  <testcase classname="com.actitime.testscripts.ProjectModule" name="modifyProject" time="0.003"/>
  <testcase classname="com.actitime.testscripts.ProjectModule" name="deleteProject" time="0.002"/>
  <testcase classname="com.actitime.testscripts.UseAssert" name="testVerifyTitle" time="22.901">
    <failure type="java.lang.AssertionError" message="expected [soogle] but found [Google]">
      <![CDATA[java.lang.AssertionError: expected [soogle] but found [Google]
at com.actitime.testscripts.UseAssert.testVerifyTitle(UseAssert.java:18)
at java.base/java.util.ArrayList.forEach(ArrayList.java:1541)
... Removed 33 stack frames]]>
    </failure>
  </testcase> <!-- testVerifyTitle -->
  <testcase classname="com.actitime.testscripts.VerifyTitle" name="testVerifyTitle" time="27.117"/>
</testsuite> <!-- Test -->
